#-----------------------------------------------------------
# Vivado v2018.3 (64-bit)
# SW Build 2405991 on Thu Dec  6 23:38:27 MST 2018
# IP Build 2404404 on Fri Dec  7 01:43:56 MST 2018
# Start of session at: Tue Aug 18 09:42:36 2020
# Process ID: 20340
# Current directory: C:/Users/shassani/Desktop/KUL DiSIC Repo/KU_Leuven_DiSIC/KUL_DiSIC
# Command line: vivado.exe -gui_launcher_event rodinguilauncherevent7276 C:\Users\shassani\Desktop\KUL DiSIC Repo\KU_Leuven_DiSIC\KUL_DiSIC\KUL_DiSIC.xpr
# Log file: C:/Users/shassani/Desktop/KUL DiSIC Repo/KU_Leuven_DiSIC/KUL_DiSIC/vivado.log
# Journal file: C:/Users/shassani/Desktop/KUL DiSIC Repo/KU_Leuven_DiSIC/KUL_DiSIC\vivado.jou
#-----------------------------------------------------------
start_gui
open_project {C:/Users/shassani/Desktop/KUL DiSIC Repo/KU_Leuven_DiSIC/KUL_DiSIC/KUL_DiSIC.xpr}
Scanning sources...
Finished scanning sources
INFO: [IP_Flow 19-234] Refreshing IP repositories
INFO: [IP_Flow 19-1704] No user IP repositories specified
INFO: [IP_Flow 19-2313] Loaded Vivado IP repository 'C:/Xilinx/Vivado/2018.3/data/ip'.
open_project: Time (s): cpu = 00:00:18 ; elapsed = 00:00:11 . Memory (MB): peak = 764.328 ; gain = 164.754
update_compile_order -fileset sources_1
launch_runs synth_1 -jobs 4
[Tue Aug 18 09:45:54 2020] Launched synth_1...
Run output will be captured here: C:/Users/shassani/Desktop/KUL DiSIC Repo/KU_Leuven_DiSIC/KUL_DiSIC/KUL_DiSIC.runs/synth_1/runme.log
reset_run synth_1
launch_simulation
INFO: [Vivado 12-5682] Launching behavioral simulation in 'C:/Users/shassani/Desktop/KUL DiSIC Repo/KU_Leuven_DiSIC/KUL_DiSIC/KUL_DiSIC.sim/sim_1/behav/xsim'
INFO: [SIM-utils-51] Simulation object is 'sim_1'
INFO: [SIM-utils-54] Inspecting design source files for 'TB' in fileset 'sim_1'...
INFO: [USF-XSim-97] Finding global include files...
INFO: [USF-XSim-98] Fetching design files from 'sim_1'...
INFO: [USF-XSim-2] XSim::Compile design
INFO: [USF-XSim-61] Executing 'COMPILE and ANALYZE' step in 'C:/Users/shassani/Desktop/KUL DiSIC Repo/KU_Leuven_DiSIC/KUL_DiSIC/KUL_DiSIC.sim/sim_1/behav/xsim'
"xvhdl --incr --relax -prj TB_vhdl.prj"
INFO: [VRFC 10-163] Analyzing VHDL file "C:/Users/shassani/Desktop/KUL DiSIC Repo/KU_Leuven_DiSIC/KUL_DiSIC/KUL_DiSIC.srcs/sources_1/new/KUL_pkg.vhd" into library xil_defaultlib
INFO: [VRFC 10-163] Analyzing VHDL file "C:/Users/shassani/Desktop/KUL DiSIC Repo/KU_Leuven_DiSIC/KUL_DiSIC/KUL_DiSIC.srcs/sources_1/new/TOP.vhd" into library xil_defaultlib
INFO: [VRFC 10-3107] analyzing entity 'TOP'
INFO: [VRFC 10-163] Analyzing VHDL file "C:/Users/shassani/Desktop/KUL DiSIC Repo/KU_Leuven_DiSIC/KUL_DiSIC/KUL_DiSIC.srcs/sim_1/new/TB.vhd" into library xil_defaultlib
INFO: [VRFC 10-3107] analyzing entity 'TB'
INFO: [USF-XSim-69] 'compile' step finished in '4' seconds
INFO: [USF-XSim-3] XSim::Elaborate design
INFO: [USF-XSim-61] Executing 'ELABORATE' step in 'C:/Users/shassani/Desktop/KUL DiSIC Repo/KU_Leuven_DiSIC/KUL_DiSIC/KUL_DiSIC.sim/sim_1/behav/xsim'
Vivado Simulator 2018.3
Copyright 1986-1999, 2001-2018 Xilinx, Inc. All Rights Reserved.
Running: C:/Xilinx/Vivado/2018.3/bin/unwrapped/win64.o/xelab.exe -wto 12b798e81db44e1a934fa2eb5f0d7ca1 --incr --debug typical --relax --mt 2 -L xil_defaultlib -L secureip --snapshot TB_behav xil_defaultlib.TB -log elaborate.log 
Using 2 slave threads.
Starting static elaboration
Completed static elaboration
Starting simulation data flow analysis
Completed simulation data flow analysis
Time Resolution for simulation is 1ps
Compiling package std.standard
Compiling package std.textio
Compiling package ieee.std_logic_1164
Compiling package ieee.numeric_std
Compiling package ieee.std_logic_arith
Compiling package ieee.std_logic_unsigned
Compiling package xil_defaultlib.fixed_pkg
Compiling package ieee.math_real
Compiling package ieee.std_logic_textio
Compiling package xil_defaultlib.kul_pkg
Compiling architecture behavioral of entity xil_defaultlib.TOP [top_default]
Compiling architecture behavioral of entity xil_defaultlib.tb
Built simulation snapshot TB_behav
run_program: Time (s): cpu = 00:00:01 ; elapsed = 00:00:06 . Memory (MB): peak = 813.797 ; gain = 0.000
INFO: [USF-XSim-69] 'elaborate' step finished in '5' seconds
INFO: [USF-XSim-4] XSim::Simulate design
INFO: [USF-XSim-61] Executing 'SIMULATE' step in 'C:/Users/shassani/Desktop/KUL DiSIC Repo/KU_Leuven_DiSIC/KUL_DiSIC/KUL_DiSIC.sim/sim_1/behav/xsim'
INFO: [USF-XSim-98] *** Running xsim
   with args "TB_behav -key {Behavioral:sim_1:Functional:TB} -tclbatch {TB.tcl} -log {simulate.log}"
INFO: [USF-XSim-8] Loading simulator feature
Vivado Simulator 2018.3
Time resolution is 1 ps
source TB.tcl
# set curr_wave [current_wave_config]
# if { [string length $curr_wave] == 0 } {
#   if { [llength [get_objects]] > 0} {
#     add_wave /
#     set_property needs_save false [current_wave_config]
#   } else {
#      send_msg_id Add_Wave-1 WARNING "No top level signals found. Simulator will start without a wave window. If you want to open a wave window go to 'File->New Waveform Configuration' or type 'create_wave_config' in the TCL console."
#   }
# }
# run 1000ns
INFO: [USF-XSim-96] XSim completed. Design snapshot 'TB_behav' loaded.
INFO: [USF-XSim-97] XSim simulation ran for 1000ns
launch_simulation: Time (s): cpu = 00:00:12 ; elapsed = 00:00:15 . Memory (MB): peak = 831.918 ; gain = 18.121
run 10 ms
run: Time (s): cpu = 00:00:08 ; elapsed = 00:00:24 . Memory (MB): peak = 831.918 ; gain = 0.000
relaunch_sim
INFO: [Vivado 12-5682] Launching behavioral simulation in 'C:/Users/shassani/Desktop/KUL DiSIC Repo/KU_Leuven_DiSIC/KUL_DiSIC/KUL_DiSIC.sim/sim_1/behav/xsim'
INFO: [SIM-utils-51] Simulation object is 'sim_1'
INFO: [SIM-utils-54] Inspecting design source files for 'TB' in fileset 'sim_1'...
INFO: [USF-XSim-97] Finding global include files...
INFO: [USF-XSim-98] Fetching design files from 'sim_1'...
INFO: [USF-XSim-2] XSim::Compile design
INFO: [USF-XSim-61] Executing 'COMPILE and ANALYZE' step in 'C:/Users/shassani/Desktop/KUL DiSIC Repo/KU_Leuven_DiSIC/KUL_DiSIC/KUL_DiSIC.sim/sim_1/behav/xsim'
"xvhdl --incr --relax -prj TB_vhdl.prj"
INFO: [VRFC 10-163] Analyzing VHDL file "C:/Users/shassani/Desktop/KUL DiSIC Repo/KU_Leuven_DiSIC/KUL_DiSIC/KUL_DiSIC.srcs/sim_1/new/TB.vhd" into library xil_defaultlib
INFO: [VRFC 10-3107] analyzing entity 'TB'
INFO: [USF-XSim-69] 'compile' step finished in '3' seconds
INFO: [Vivado 12-5682] Launching behavioral simulation in 'C:/Users/shassani/Desktop/KUL DiSIC Repo/KU_Leuven_DiSIC/KUL_DiSIC/KUL_DiSIC.sim/sim_1/behav/xsim'
INFO: [USF-XSim-3] XSim::Elaborate design
INFO: [USF-XSim-61] Executing 'ELABORATE' step in 'C:/Users/shassani/Desktop/KUL DiSIC Repo/KU_Leuven_DiSIC/KUL_DiSIC/KUL_DiSIC.sim/sim_1/behav/xsim'
Vivado Simulator 2018.3
Copyright 1986-1999, 2001-2018 Xilinx, Inc. All Rights Reserved.
Running: C:/Xilinx/Vivado/2018.3/bin/unwrapped/win64.o/xelab.exe -wto 12b798e81db44e1a934fa2eb5f0d7ca1 --incr --debug typical --relax --mt 2 -L xil_defaultlib -L secureip --snapshot TB_behav xil_defaultlib.TB -log elaborate.log 
Using 2 slave threads.
Starting static elaboration
Completed static elaboration
Starting simulation data flow analysis
Completed simulation data flow analysis
Time Resolution for simulation is 1ps
Compiling package std.standard
Compiling package std.textio
Compiling package ieee.std_logic_1164
Compiling package ieee.numeric_std
Compiling package ieee.std_logic_arith
Compiling package ieee.std_logic_unsigned
Compiling package xil_defaultlib.fixed_pkg
Compiling package ieee.math_real
Compiling package ieee.std_logic_textio
Compiling package xil_defaultlib.kul_pkg
Compiling architecture behavioral of entity xil_defaultlib.TOP [top_default]
Compiling architecture behavioral of entity xil_defaultlib.tb
Built simulation snapshot TB_behav
INFO: [USF-XSim-69] 'elaborate' step finished in '4' seconds
Vivado Simulator 2018.3
Time resolution is 1 ps
relaunch_sim: Time (s): cpu = 00:00:01 ; elapsed = 00:00:10 . Memory (MB): peak = 832.336 ; gain = 0.000
run 10 ms
run: Time (s): cpu = 00:00:10 ; elapsed = 00:00:30 . Memory (MB): peak = 848.840 ; gain = 16.008
close_sim
INFO: [Simtcl 6-16] Simulation closed
launch_simulation
INFO: [Vivado 12-5682] Launching behavioral simulation in 'C:/Users/shassani/Desktop/KUL DiSIC Repo/KU_Leuven_DiSIC/KUL_DiSIC/KUL_DiSIC.sim/sim_1/behav/xsim'
INFO: [SIM-utils-51] Simulation object is 'sim_1'
INFO: [SIM-utils-54] Inspecting design source files for 'TB' in fileset 'sim_1'...
INFO: [USF-XSim-97] Finding global include files...
INFO: [USF-XSim-98] Fetching design files from 'sim_1'...
INFO: [USF-XSim-2] XSim::Compile design
INFO: [USF-XSim-61] Executing 'COMPILE and ANALYZE' step in 'C:/Users/shassani/Desktop/KUL DiSIC Repo/KU_Leuven_DiSIC/KUL_DiSIC/KUL_DiSIC.sim/sim_1/behav/xsim'
"xvhdl --incr --relax -prj TB_vhdl.prj"
INFO: [USF-XSim-69] 'compile' step finished in '3' seconds
INFO: [USF-XSim-3] XSim::Elaborate design
INFO: [USF-XSim-61] Executing 'ELABORATE' step in 'C:/Users/shassani/Desktop/KUL DiSIC Repo/KU_Leuven_DiSIC/KUL_DiSIC/KUL_DiSIC.sim/sim_1/behav/xsim'
Vivado Simulator 2018.3
Copyright 1986-1999, 2001-2018 Xilinx, Inc. All Rights Reserved.
Running: C:/Xilinx/Vivado/2018.3/bin/unwrapped/win64.o/xelab.exe -wto 12b798e81db44e1a934fa2eb5f0d7ca1 --incr --debug typical --relax --mt 2 -L xil_defaultlib -L secureip --snapshot TB_behav xil_defaultlib.TB -log elaborate.log 
Using 2 slave threads.
Starting static elaboration
Completed static elaboration
INFO: [XSIM 43-4323] No Change in HDL. Linking previously generated obj files to create kernel
INFO: [USF-XSim-69] 'elaborate' step finished in '3' seconds
INFO: [USF-XSim-4] XSim::Simulate design
INFO: [USF-XSim-61] Executing 'SIMULATE' step in 'C:/Users/shassani/Desktop/KUL DiSIC Repo/KU_Leuven_DiSIC/KUL_DiSIC/KUL_DiSIC.sim/sim_1/behav/xsim'
INFO: [USF-XSim-98] *** Running xsim
   with args "TB_behav -key {Behavioral:sim_1:Functional:TB} -tclbatch {TB.tcl} -log {simulate.log}"
INFO: [USF-XSim-8] Loading simulator feature
Vivado Simulator 2018.3
Time resolution is 1 ps
source TB.tcl
# set curr_wave [current_wave_config]
# if { [string length $curr_wave] == 0 } {
#   if { [llength [get_objects]] > 0} {
#     add_wave /
#     set_property needs_save false [current_wave_config]
#   } else {
#      send_msg_id Add_Wave-1 WARNING "No top level signals found. Simulator will start without a wave window. If you want to open a wave window go to 'File->New Waveform Configuration' or type 'create_wave_config' in the TCL console."
#   }
# }
# run 1000ns
INFO: [USF-XSim-96] XSim completed. Design snapshot 'TB_behav' loaded.
INFO: [USF-XSim-97] XSim simulation ran for 1000ns
launch_simulation: Time (s): cpu = 00:00:02 ; elapsed = 00:00:08 . Memory (MB): peak = 850.215 ; gain = 0.000
run 10 ms
run: Time (s): cpu = 00:00:11 ; elapsed = 00:00:43 . Memory (MB): peak = 850.215 ; gain = 0.000
close_sim
INFO: [Simtcl 6-16] Simulation closed
exit
INFO: [Common 17-206] Exiting Vivado at Tue Aug 18 10:06:23 2020...
